- Nikto v2.5.0
---------------------------------------------------------------------------
+ Target IP:          10.10.10.60
+ Target Hostname:    10.10.10.60
+ Target Port:        443
---------------------------------------------------------------------------
+ SSL Info:        Subject:  /C=US/ST=Somewhere/L=Somecity/O=CompanyName/OU=Organizational Unit Name (eg, section)/CN=Common Name (eg, YOUR name)/emailAddress=Email Address
                   Ciphers:  AES256-SHA
                   Issuer:   /C=US/ST=Somewhere/L=Somecity/O=CompanyName/OU=Organizational Unit Name (eg, section)/CN=Common Name (eg, YOUR name)/emailAddress=Email Address
+ Start Time:         2023-05-03 18:30:41 (GMT-4)
---------------------------------------------------------------------------
+ Server: lighttpd/1.4.35
+ /: The site uses TLS and the Strict-Transport-Security HTTP header is not defined. See: https://developer.mozilla.org/en-US/docs/Web/HTTP/Headers/Strict-Transport-Security
+ /: The X-Content-Type-Options header is not set. This could allow the user agent to render the content of the site in a different fashion to the MIME type. See: https://www.netsparker.com/web-vulnerability-scanner/vulnerabilities/missing-content-type-header/
+ /: Cookie cookie_test created without the secure flag. See: https://developer.mozilla.org/en-US/docs/Web/HTTP/Cookies
+ /: Cookie cookie_test created without the httponly flag. See: https://developer.mozilla.org/en-US/docs/Web/HTTP/Cookies
+ No CGI Directories found (use '-C all' to force check all possible dirs)
+ Hostname '10.10.10.60' does not match certificate's names: Common. See: https://cwe.mitre.org/data/definitions/297.html
+ Multiple index files found: /index.html, /index.php.
+ OPTIONS: Allowed HTTP Methods: OPTIONS, GET, HEAD, POST .
+ /tree/: This might be interesting.
+ /xmlrpc.php: xmlrpc.php was found.
