200      GET        9l       13w      137c http://shocker.htb/
404      GET        9l       33w      286c http://shocker.htb/video%20games
404      GET        9l       33w      289c http://shocker.htb/spyware%20doctor
404      GET        9l       35w      289c http://shocker.htb/4%20Color%2099%20IT2
404      GET        9l       33w      288c http://shocker.htb/long%20distance
404      GET        9l       33w      286c http://shocker.htb/cell%20phones
404      GET        9l       33w      284c http://shocker.htb/DVD%20Tools
404      GET        9l       35w      301c http://shocker.htb/Michael%20Jackson%20-%20Thriller
404      GET        9l       40w      314c http://shocker.htb/Fall%20Out%20Boy%20-%20From%20Under%20The%20Cork%20Tree
404      GET        9l       33w      291c http://shocker.htb/Battlefield%202142
404      GET        9l       33w      287c http://shocker.htb/System%20Tools
404      GET        9l       33w      292c http://shocker.htb/MSNBC%20Interactive
404      GET        9l       35w      292c http://shocker.htb/Il%20Divo%20-%20Siempre
404      GET        9l       35w      293c http://shocker.htb/The%20Beatles%20-%20Love
404      GET        9l       34w      291c http://shocker.htb/Akon%20-%20Konvicted
404      GET        9l       34w      298c http://shocker.htb/Razorlight%20-%20Razorlight
404      GET        9l       38w      314c http://shocker.htb/Guns%20N%20Roses%20-%20Appetite%20for%20Destruction
404      GET        9l       36w      300c http://shocker.htb/Westlife%20-%20The%20Love%20Album
404      GET        9l       35w      315c http://shocker.htb/Justin%20Timberlake%20-%20FutureSexyLoveSounds
404      GET        9l       35w      291c http://shocker.htb/ABBA%20-%2015%20albums
404      GET        9l       36w      299c http://shocker.htb/The%20Beatles%20-%20Abbey%20Road
404      GET        9l       36w      303c http://shocker.htb/Paolo%20Nutini%20-%20These%20Streets
404      GET        9l       36w      296c http://shocker.htb/The%20Kooks%20-%20Inside%20In
404      GET        9l       33w      286c http://shocker.htb/Outside%20Out
404      GET        9l       35w      301c http://shocker.htb/Oasis%20-%20'Definitely%20Maybe'
404      GET        9l       34w      293c http://shocker.htb/Most%20Popular%20Games
404      GET        9l       37w      306c http://shocker.htb/Tom%20and%20Jerry%20-%20Full%20Collection
404      GET        9l       33w      289c http://shocker.htb/Dreamland%202006
404      GET        9l       35w      298c http://shocker.htb/All%20popular%20movies%202006
404      GET        9l       34w      291c http://shocker.htb/Online%20TV%20Player
404      GET        9l       33w      293c http://shocker.htb/PowerArchiver%202006
404      GET        9l       35w      297c http://shocker.htb/3%20Popular%20Music%20Videos
404      GET        9l       33w      289c http://shocker.htb/Privacy%20Policy
404      GET        9l       33w      289c http://shocker.htb/graphic%20design
200      GET        9l       13w      137c http://shocker.htb/
403      GET       11l       32w      299c http://shocker.htb/server-status
200      GET        9l       13w      137c http://shocker.htb/
403      GET       11l       32w      295c http://shocker.htb/.htpasswd
403      GET       11l       32w      290c http://shocker.htb/.hta
403      GET       11l       32w      295c http://shocker.htb/.htaccess
403      GET       11l       32w      294c http://shocker.htb/cgi-bin/
403      GET       11l       32w      298c http://shocker.htb/cgi-bin/.hta
403      GET       11l       32w      303c http://shocker.htb/cgi-bin/.htpasswd
403      GET       11l       32w      303c http://shocker.htb/cgi-bin/.htaccess
200      GET        9l       13w      137c http://shocker.htb/index.html
403      GET       11l       32w      299c http://shocker.htb/server-status
200      GET        9l       13w      137c http://shocker.htb/
403      GET       11l       32w      299c http://shocker.htb/server-status
200      GET        9l       13w      137c http://shocker.htb/
404      GET        9l       35w      289c http://shocker.htb/4%20color%2099%20it2
404      GET        9l       33w      292c http://shocker.htb/msnbc%20interactive
404      GET        9l       33w      284c http://shocker.htb/picture%201
404      GET        9l       33w      289c http://shocker.htb/privacy%20policy
404      GET        9l       33w      287c http://shocker.htb/case%20studies
404      GET        9l       33w      285c http://shocker.htb/contact%20us
404      GET        9l       33w      288c http://shocker.htb/launch%20images
404      GET        9l       35w      304c http://shocker.htb/msnbc10%20section%20front%20headers
404      GET        9l       33w      285c http://shocker.htb/windows%20xp
404      GET        9l       33w      285c http://shocker.htb/land%20rover
404      GET        9l       34w      289c http://shocker.htb/pure%20pwnage%20vs
404      GET        9l       36w      297c http://shocker.htb/book%20%2d%20computer%20%2d%20perl
404      GET        9l       33w      283c http://shocker.htb/about%20us
404      GET        9l       38w      312c http://shocker.htb/dj%20mexico%20presents%20-%20gutta%20niggas%20vol
200      GET        9l       13w      137c http://shocker.htb/
403      GET       11l       32w      294c http://shocker.htb/cgi-bin/
403      GET       11l       32w      292c http://shocker.htb/icons/
403      GET       11l       32w      298c http://shocker.htb/icons/small/
404      GET        9l       35w      290c http://shocker.htb/4%20color%2099%20it2/
404      GET        9l       35w      296c http://shocker.htb/icons/4%20color%2099%20it2/
404      GET        9l       35w      298c http://shocker.htb/cgi-bin/4%20color%2099%20it2/
404      GET        9l       35w      302c http://shocker.htb/icons/small/4%20color%2099%20it2/
404      GET        9l       33w      293c http://shocker.htb/msnbc%20interactive/
404      GET        9l       33w      299c http://shocker.htb/icons/msnbc%20interactive/
404      GET        9l       33w      301c http://shocker.htb/cgi-bin/msnbc%20interactive/
404      GET        9l       33w      285c http://shocker.htb/picture%201/
404      GET        9l       33w      291c http://shocker.htb/icons/picture%201/
404      GET        9l       33w      290c http://shocker.htb/privacy%20policy/
404      GET        9l       33w      293c http://shocker.htb/cgi-bin/picture%201/
404      GET        9l       33w      305c http://shocker.htb/icons/small/msnbc%20interactive/
404      GET        9l       33w      298c http://shocker.htb/cgi-bin/privacy%20policy/
404      GET        9l       33w      294c http://shocker.htb/icons/case%20studies/
404      GET        9l       33w      300c http://shocker.htb/icons/small/case%20studies/
404      GET        9l       33w      286c http://shocker.htb/contact%20us/
404      GET        9l       33w      292c http://shocker.htb/icons/contact%20us/
404      GET        9l       33w      289c http://shocker.htb/launch%20images/
404      GET        9l       33w      295c http://shocker.htb/icons/launch%20images/
404      GET        9l       33w      297c http://shocker.htb/cgi-bin/launch%20images/
404      GET        9l       33w      298c http://shocker.htb/icons/small/contact%20us/
404      GET        9l       35w      305c http://shocker.htb/msnbc10%20section%20front%20headers/
404      GET        9l       35w      311c http://shocker.htb/icons/msnbc10%20section%20front%20headers/
404      GET        9l       35w      313c http://shocker.htb/cgi-bin/msnbc10%20section%20front%20headers/
404      GET        9l       35w      317c http://shocker.htb/icons/small/msnbc10%20section%20front%20headers/
404      GET        9l       33w      286c http://shocker.htb/windows%20xp/
404      GET        9l       33w      292c http://shocker.htb/icons/windows%20xp/
404      GET        9l       33w      294c http://shocker.htb/cgi-bin/windows%20xp/
404      GET        9l       33w      298c http://shocker.htb/icons/small/windows%20xp/
404      GET        9l       33w      286c http://shocker.htb/land%20rover/
404      GET        9l       33w      292c http://shocker.htb/icons/land%20rover/
404      GET        9l       34w      296c http://shocker.htb/icons/pure%20pwnage%20vs/
404      GET        9l       33w      294c http://shocker.htb/cgi-bin/land%20rover/
404      GET        9l       34w      298c http://shocker.htb/cgi-bin/pure%20pwnage%20vs/
404      GET        9l       33w      298c http://shocker.htb/icons/small/land%20rover/
404      GET        9l       34w      302c http://shocker.htb/icons/small/pure%20pwnage%20vs/
404      GET        9l       36w      298c http://shocker.htb/book%20%2d%20computer%20%2d%20perl/
404      GET        9l       36w      304c http://shocker.htb/icons/book%20%2d%20computer%20%2d%20perl/
404      GET        9l       36w      306c http://shocker.htb/cgi-bin/book%20%2d%20computer%20%2d%20perl/
404      GET        9l       33w      292c http://shocker.htb/cgi-bin/about%20us/
404      GET        9l       36w      310c http://shocker.htb/icons/small/book%20%2d%20computer%20%2d%20perl/
404      GET        9l       38w      313c http://shocker.htb/dj%20mexico%20presents%20-%20gutta%20niggas%20vol/
404      GET        9l       38w      319c http://shocker.htb/icons/dj%20mexico%20presents%20-%20gutta%20niggas%20vol/
404      GET        9l       38w      321c http://shocker.htb/cgi-bin/dj%20mexico%20presents%20-%20gutta%20niggas%20vol/
200      GET        9l       13w      137c http://shocker.htb/
403      GET       11l       32w      294c http://shocker.htb/cgi-bin/
403      GET       11l       32w      292c http://shocker.htb/icons/
404      GET        9l       35w      290c http://shocker.htb/4%20color%2099%20it2/
404      GET        9l       33w      293c http://shocker.htb/msnbc%20interactive/
404      GET        9l       33w      285c http://shocker.htb/picture%201/
404      GET        9l       33w      290c http://shocker.htb/privacy%20policy/
404      GET        9l       33w      288c http://shocker.htb/case%20studies/
404      GET        9l       33w      286c http://shocker.htb/contact%20us/
404      GET        9l       35w      305c http://shocker.htb/msnbc10%20section%20front%20headers/
404      GET        9l       33w      286c http://shocker.htb/windows%20xp/
404      GET        9l       33w      286c http://shocker.htb/land%20rover/
404      GET        9l       34w      290c http://shocker.htb/pure%20pwnage%20vs/
404      GET        9l       36w      298c http://shocker.htb/book%20%2d%20computer%20%2d%20perl/
404      GET        9l       33w      284c http://shocker.htb/about%20us/
404      GET        9l       38w      313c http://shocker.htb/dj%20mexico%20presents%20-%20gutta%20niggas%20vol/
404      GET        9l       33w      290c http://shocker.htb/united%20kingdom/
404      GET        9l       33w      290c http://shocker.htb/local%20settings/
404      GET        9l       33w      287c http://shocker.htb/second%20life/
404      GET        9l       33w      299c http://shocker.htb/mac%20filter1165397052661/
404      GET        9l       33w      287c http://shocker.htb/open%20source/
404      GET        9l       34w      292c http://shocker.htb/grand%20theft%20auto/
404      GET        9l       33w      285c http://shocker.htb/picture%202/
404      GET        9l       33w      287c http://shocker.htb/picture%203-7/
404      GET        9l       34w      291c http://shocker.htb/news%20and%20events/
404      GET        9l       34w      300c http://shocker.htb/standard%20component%20icons/
200      GET        9l       13w      137c http://shocker.htb/
403      GET       11l       32w      294c http://shocker.htb/cgi-bin/
403      GET       11l       32w      292c http://shocker.htb/icons/
403      GET       11l       32w      300c http://shocker.htb/server-status/
